   1              		.cpu cortex-m3
   2              		.arch armv7-m
   3              		.fpu softvfp
   4              		.eabi_attribute 20, 1
   5              		.eabi_attribute 21, 1
   6              		.eabi_attribute 23, 3
   7              		.eabi_attribute 24, 1
   8              		.eabi_attribute 25, 1
   9              		.eabi_attribute 26, 1
  10              		.eabi_attribute 30, 6
  11              		.eabi_attribute 34, 1
  12              		.eabi_attribute 18, 4
  13              		.file	"adc.c"
  14              		.text
  15              	.Ltext0:
  16              		.cfi_sections	.debug_frame
  17              		.global	adcb
  18              		.section	.bss.adcb,"aw",%nobits
  19              		.align	2
  22              	adcb:
  23 0000 00000000 		.space	12
  23      00000000 
  23      00000000 
  24              		.global	adca
  25              		.section	.bss.adca,"aw",%nobits
  26              		.align	2
  29              	adca:
  30 0000 00000000 		.space	12
  30      00000000 
  30      00000000 
  31              		.global	ADC_InitStructure
  32              		.section	.bss.ADC_InitStructure,"aw",%nobits
  33              		.align	2
  36              	ADC_InitStructure:
  37 0000 00000000 		.space	20
  37      00000000 
  37      00000000 
  37      00000000 
  37      00000000 
  38              		.global	DMA_InitStructure
  39              		.section	.bss.DMA_InitStructure,"aw",%nobits
  40              		.align	2
  43              	DMA_InitStructure:
  44 0000 00000000 		.space	44
  44      00000000 
  44      00000000 
  44      00000000 
  44      00000000 
  45              		.global	ADC1ConvertedValue
  46              		.section	.bss.ADC1ConvertedValue,"aw",%nobits
  47              		.align	2
  50              	ADC1ConvertedValue:
  51 0000 00000000 		.space	6144
  51      00000000 
  51      00000000 
  51      00000000 
  51      00000000 
  52              		.global	ADC_ACC
  53              		.section	.bss.ADC_ACC,"aw",%nobits
  54              		.align	2
  57              	ADC_ACC:
  58 0000 00000000 		.space	12
  58      00000000 
  58      00000000 
  59              		.section	.text.AddMeasurments,"ax",%progbits
  60              		.align	1
  61              		.global	AddMeasurments
  62              		.syntax unified
  63              		.thumb
  64              		.thumb_func
  66              	AddMeasurments:
  67              	.LFB27:
  68              		.file 1 "common/lib.stm32/adc.c"
   1:common/lib.stm32/adc.c **** /*
   2:common/lib.stm32/adc.c ****  * adc.c
   3:common/lib.stm32/adc.c ****  *
   4:common/lib.stm32/adc.c ****  *  Created on: Mar 18, 2011
   5:common/lib.stm32/adc.c ****  *      Author: baron
   6:common/lib.stm32/adc.c ****  */
   7:common/lib.stm32/adc.c **** 
   8:common/lib.stm32/adc.c **** #include "adc.h"
   9:common/lib.stm32/adc.c **** 
  10:common/lib.stm32/adc.c **** 
  11:common/lib.stm32/adc.c **** 
  12:common/lib.stm32/adc.c **** #define ADC1_DR_Address    ((uint32_t)0x4001244C)
  13:common/lib.stm32/adc.c **** 
  14:common/lib.stm32/adc.c **** 
  15:common/lib.stm32/adc.c **** #define SAMPLES_AMOUNT	256*4
  16:common/lib.stm32/adc.c **** 
  17:common/lib.stm32/adc.c **** 
  18:common/lib.stm32/adc.c **** #define ADC_BUFFER_SIZE       (SAMPLES_AMOUNT * CHANELS_AMOUNT)
  19:common/lib.stm32/adc.c **** 
  20:common/lib.stm32/adc.c **** #define ACC_FS GPIO_Pin_12 // port cStartAdc
  21:common/lib.stm32/adc.c **** #define ACC_ST GPIO_Pin_2  // port D
  22:common/lib.stm32/adc.c **** #define ACC_PD GPIO_Pin_8  // port c
  23:common/lib.stm32/adc.c **** 
  24:common/lib.stm32/adc.c **** uint32_t adcb[3];
  25:common/lib.stm32/adc.c **** uint32_t adca[3];
  26:common/lib.stm32/adc.c **** 
  27:common/lib.stm32/adc.c **** 
  28:common/lib.stm32/adc.c **** #define ACC_TO_MV(adc) ((adc-1900)*100)/1303  //
  29:common/lib.stm32/adc.c **** 
  30:common/lib.stm32/adc.c **** 
  31:common/lib.stm32/adc.c **** 
  32:common/lib.stm32/adc.c **** 
  33:common/lib.stm32/adc.c **** extern int16_t mag[3];
  34:common/lib.stm32/adc.c **** 
  35:common/lib.stm32/adc.c **** 
  36:common/lib.stm32/adc.c **** ADC_InitTypeDef ADC_InitStructure;
  37:common/lib.stm32/adc.c **** DMA_InitTypeDef DMA_InitStructure;
  38:common/lib.stm32/adc.c **** 
  39:common/lib.stm32/adc.c **** __IO uint16_t ADC1ConvertedValue[ADC_BUFFER_SIZE];
  40:common/lib.stm32/adc.c **** 
  41:common/lib.stm32/adc.c **** 
  42:common/lib.stm32/adc.c **** int32_t ADC_ACC[CHANELS_AMOUNT];
  43:common/lib.stm32/adc.c **** 
  44:common/lib.stm32/adc.c **** 
  45:common/lib.stm32/adc.c **** void AddMeasurments(__IO uint16_t *src)
  46:common/lib.stm32/adc.c **** 	{
  69              		.loc 1 46 2
  70              		.cfi_startproc
  71              		@ args = 0, pretend = 0, frame = 24
  72              		@ frame_needed = 1, uses_anonymous_args = 0
  73              		@ link register save eliminated.
  74 0000 80B4     		push	{r7}
  75              	.LCFI0:
  76              		.cfi_def_cfa_offset 4
  77              		.cfi_offset 7, -4
  78 0002 87B0     		sub	sp, sp, #28
  79              	.LCFI1:
  80              		.cfi_def_cfa_offset 32
  81 0004 00AF     		add	r7, sp, #0
  82              	.LCFI2:
  83              		.cfi_def_cfa_register 7
  84 0006 7860     		str	r0, [r7, #4]
  85              	.LBB2:
  47:common/lib.stm32/adc.c **** 		for (int j = 0; j < CHANELS_AMOUNT; j++)
  86              		.loc 1 47 12
  87 0008 0023     		movs	r3, #0
  88 000a 7B61     		str	r3, [r7, #20]
  89              		.loc 1 47 3
  90 000c 07E0     		b	.L2
  91              	.L3:
  48:common/lib.stm32/adc.c **** 		{
  49:common/lib.stm32/adc.c **** 			ADC_ACC[j] = 0;
  92              		.loc 1 49 15 discriminator 3
  93 000e 1A4A     		ldr	r2, .L8
  94 0010 7B69     		ldr	r3, [r7, #20]
  95 0012 0021     		movs	r1, #0
  96 0014 42F82310 		str	r1, [r2, r3, lsl #2]
  47:common/lib.stm32/adc.c **** 		for (int j = 0; j < CHANELS_AMOUNT; j++)
  97              		.loc 1 47 40 discriminator 3
  98 0018 7B69     		ldr	r3, [r7, #20]
  99 001a 0133     		adds	r3, r3, #1
 100 001c 7B61     		str	r3, [r7, #20]
 101              	.L2:
  47:common/lib.stm32/adc.c **** 		for (int j = 0; j < CHANELS_AMOUNT; j++)
 102              		.loc 1 47 3 discriminator 1
 103 001e 7B69     		ldr	r3, [r7, #20]
 104 0020 022B     		cmp	r3, #2
 105 0022 F4DD     		ble	.L3
 106              	.LBE2:
 107              	.LBB3:
  50:common/lib.stm32/adc.c **** 		}
  51:common/lib.stm32/adc.c **** 		for (int i = 0; i < SAMPLES_AMOUNT; i++)
 108              		.loc 1 51 12
 109 0024 0023     		movs	r3, #0
 110 0026 3B61     		str	r3, [r7, #16]
 111              		.loc 1 51 3
 112 0028 1BE0     		b	.L4
 113              	.L7:
 114              	.LBB4:
  52:common/lib.stm32/adc.c **** 		{
  53:common/lib.stm32/adc.c **** 
  54:common/lib.stm32/adc.c **** 			for (int j = 0; j < CHANELS_AMOUNT; j++)
 115              		.loc 1 54 13
 116 002a 0023     		movs	r3, #0
 117 002c FB60     		str	r3, [r7, #12]
 118              		.loc 1 54 4
 119 002e 12E0     		b	.L5
 120              	.L6:
  55:common/lib.stm32/adc.c **** 			{
  56:common/lib.stm32/adc.c **** 				ADC_ACC[j] += *src;
 121              		.loc 1 56 19 discriminator 3
 122 0030 7B68     		ldr	r3, [r7, #4]
 123 0032 1B88     		ldrh	r3, [r3]	@ movhi
 124 0034 99B2     		uxth	r1, r3
 125              		.loc 1 56 16 discriminator 3
 126 0036 104A     		ldr	r2, .L8
 127 0038 FB68     		ldr	r3, [r7, #12]
 128 003a 52F82330 		ldr	r3, [r2, r3, lsl #2]
 129              		.loc 1 56 19 discriminator 3
 130 003e 0A46     		mov	r2, r1
 131              		.loc 1 56 16 discriminator 3
 132 0040 1A44     		add	r2, r2, r3
 133 0042 0D49     		ldr	r1, .L8
 134 0044 FB68     		ldr	r3, [r7, #12]
 135 0046 41F82320 		str	r2, [r1, r3, lsl #2]
  57:common/lib.stm32/adc.c **** 				src++;
 136              		.loc 1 57 8 discriminator 3
 137 004a 7B68     		ldr	r3, [r7, #4]
 138 004c 0233     		adds	r3, r3, #2
 139 004e 7B60     		str	r3, [r7, #4]
  54:common/lib.stm32/adc.c **** 			{
 140              		.loc 1 54 41 discriminator 3
 141 0050 FB68     		ldr	r3, [r7, #12]
 142 0052 0133     		adds	r3, r3, #1
 143 0054 FB60     		str	r3, [r7, #12]
 144              	.L5:
  54:common/lib.stm32/adc.c **** 			{
 145              		.loc 1 54 4 discriminator 1
 146 0056 FB68     		ldr	r3, [r7, #12]
 147 0058 022B     		cmp	r3, #2
 148 005a E9DD     		ble	.L6
 149              	.LBE4:
  51:common/lib.stm32/adc.c **** 		{
 150              		.loc 1 51 40 discriminator 2
 151 005c 3B69     		ldr	r3, [r7, #16]
 152 005e 0133     		adds	r3, r3, #1
 153 0060 3B61     		str	r3, [r7, #16]
 154              	.L4:
  51:common/lib.stm32/adc.c **** 		{
 155              		.loc 1 51 3 discriminator 1
 156 0062 3B69     		ldr	r3, [r7, #16]
 157 0064 B3F5806F 		cmp	r3, #1024
 158 0068 DFDB     		blt	.L7
 159              	.LBE3:
  58:common/lib.stm32/adc.c **** 			}
  59:common/lib.stm32/adc.c **** 		}
  60:common/lib.stm32/adc.c **** 	}
 160              		.loc 1 60 2
 161 006a 00BF     		nop
 162 006c 00BF     		nop
 163 006e 1C37     		adds	r7, r7, #28
 164              	.LCFI3:
 165              		.cfi_def_cfa_offset 4
 166 0070 BD46     		mov	sp, r7
 167              	.LCFI4:
 168              		.cfi_def_cfa_register 13
 169              		@ sp needed
 170 0072 80BC     		pop	{r7}
 171              	.LCFI5:
 172              		.cfi_restore 7
 173              		.cfi_def_cfa_offset 0
 174 0074 7047     		bx	lr
 175              	.L9:
 176 0076 00BF     		.align	2
 177              	.L8:
 178 0078 00000000 		.word	ADC_ACC
 179              		.cfi_endproc
 180              	.LFE27:
 182              		.section	.text.GetADC,"ax",%progbits
 183              		.align	1
 184              		.global	GetADC
 185              		.syntax unified
 186              		.thumb
 187              		.thumb_func
 189              	GetADC:
 190              	.LFB28:
  61:common/lib.stm32/adc.c **** 
  62:common/lib.stm32/adc.c **** void GetADC(int32_t buf[CHANELS_AMOUNT])
  63:common/lib.stm32/adc.c **** {
 191              		.loc 1 63 1
 192              		.cfi_startproc
 193              		@ args = 0, pretend = 0, frame = 16
 194              		@ frame_needed = 1, uses_anonymous_args = 0
 195 0000 80B5     		push	{r7, lr}
 196              	.LCFI6:
 197              		.cfi_def_cfa_offset 8
 198              		.cfi_offset 7, -8
 199              		.cfi_offset 14, -4
 200 0002 84B0     		sub	sp, sp, #16
 201              	.LCFI7:
 202              		.cfi_def_cfa_offset 24
 203 0004 00AF     		add	r7, sp, #0
 204              	.LCFI8:
 205              		.cfi_def_cfa_register 7
 206 0006 7860     		str	r0, [r7, #4]
  64:common/lib.stm32/adc.c **** 	AddMeasurments(ADC1ConvertedValue);
 207              		.loc 1 64 2
 208 0008 1C48     		ldr	r0, .L15
 209 000a 1D4B     		ldr	r3, .L15+4
 210 000c 9847     		blx	r3
 211              	.LVL0:
 212              	.LBB5:
  65:common/lib.stm32/adc.c **** 	for(int i=0;i<CHANELS_AMOUNT;i++)
 213              		.loc 1 65 10
 214 000e 0023     		movs	r3, #0
 215 0010 FB60     		str	r3, [r7, #12]
 216              		.loc 1 65 2
 217 0012 2AE0     		b	.L11
 218              	.L14:
  66:common/lib.stm32/adc.c **** 		{
  67:common/lib.stm32/adc.c **** 		if(ACC_TO_MV(ADC_ACC[i])>0)
 219              		.loc 1 67 6
 220 0014 1B4A     		ldr	r2, .L15+8
 221 0016 FB68     		ldr	r3, [r7, #12]
 222 0018 52F82330 		ldr	r3, [r2, r3, lsl #2]
 223 001c A3F26C73 		subw	r3, r3, #1900
 224 0020 6422     		movs	r2, #100
 225 0022 02FB03F3 		mul	r3, r2, r3
 226              		.loc 1 67 5
 227 0026 40F21652 		movw	r2, #1302
 228 002a 9342     		cmp	r3, r2
 229 002c 14DD     		ble	.L12
  68:common/lib.stm32/adc.c **** 		{
  69:common/lib.stm32/adc.c **** 		buf[i] = ACC_TO_MV(ADC_ACC[i]);
 230              		.loc 1 69 12
 231 002e 154A     		ldr	r2, .L15+8
 232 0030 FB68     		ldr	r3, [r7, #12]
 233 0032 52F82330 		ldr	r3, [r2, r3, lsl #2]
 234 0036 A3F26C73 		subw	r3, r3, #1900
 235 003a 6422     		movs	r2, #100
 236 003c 02FB03F3 		mul	r3, r2, r3
 237              		.loc 1 69 6
 238 0040 FA68     		ldr	r2, [r7, #12]
 239 0042 9200     		lsls	r2, r2, #2
 240 0044 7968     		ldr	r1, [r7, #4]
 241 0046 0A44     		add	r2, r2, r1
 242              		.loc 1 69 12
 243 0048 0F49     		ldr	r1, .L15+12
 244 004a 81FB0301 		smull	r0, r1, r1, r3
 245 004e 4912     		asrs	r1, r1, #9
 246 0050 DB17     		asrs	r3, r3, #31
 247 0052 CB1A     		subs	r3, r1, r3
 248              		.loc 1 69 10
 249 0054 1360     		str	r3, [r2]
 250 0056 05E0     		b	.L13
 251              	.L12:
  70:common/lib.stm32/adc.c **** 		}
  71:common/lib.stm32/adc.c **** 		else
  72:common/lib.stm32/adc.c **** 			buf[i] = 0;
 252              		.loc 1 72 7
 253 0058 FB68     		ldr	r3, [r7, #12]
 254 005a 9B00     		lsls	r3, r3, #2
 255 005c 7A68     		ldr	r2, [r7, #4]
 256 005e 1344     		add	r3, r3, r2
 257              		.loc 1 72 11
 258 0060 0022     		movs	r2, #0
 259 0062 1A60     		str	r2, [r3]
 260              	.L13:
  65:common/lib.stm32/adc.c **** 		{
 261              		.loc 1 65 32 discriminator 2
 262 0064 FB68     		ldr	r3, [r7, #12]
 263 0066 0133     		adds	r3, r3, #1
 264 0068 FB60     		str	r3, [r7, #12]
 265              	.L11:
  65:common/lib.stm32/adc.c **** 		{
 266              		.loc 1 65 2 discriminator 1
 267 006a FB68     		ldr	r3, [r7, #12]
 268 006c 022B     		cmp	r3, #2
 269 006e D1DD     		ble	.L14
 270              	.LBE5:
  73:common/lib.stm32/adc.c **** 		}
  74:common/lib.stm32/adc.c **** }
 271              		.loc 1 74 1
 272 0070 00BF     		nop
 273 0072 00BF     		nop
 274 0074 1037     		adds	r7, r7, #16
 275              	.LCFI9:
 276              		.cfi_def_cfa_offset 8
 277 0076 BD46     		mov	sp, r7
 278              	.LCFI10:
 279              		.cfi_def_cfa_register 13
 280              		@ sp needed
 281 0078 80BD     		pop	{r7, pc}
 282              	.L16:
 283 007a 00BF     		.align	2
 284              	.L15:
 285 007c 00000000 		.word	ADC1ConvertedValue
 286 0080 00000000 		.word	AddMeasurments
 287 0084 00000000 		.word	ADC_ACC
 288 0088 B3AC9764 		.word	1687661747
 289              		.cfi_endproc
 290              	.LFE28:
 292              		.section	.text.ADC_DMA_Init,"ax",%progbits
 293              		.align	1
 294              		.global	ADC_DMA_Init
 295              		.syntax unified
 296              		.thumb
 297              		.thumb_func
 299              	ADC_DMA_Init:
 300              	.LFB29:
  75:common/lib.stm32/adc.c **** 
  76:common/lib.stm32/adc.c **** //==============================================================================
  77:common/lib.stm32/adc.c **** void ADC_DMA_Init()
  78:common/lib.stm32/adc.c **** {
 301              		.loc 1 78 1
 302              		.cfi_startproc
 303              		@ args = 0, pretend = 0, frame = 0
 304              		@ frame_needed = 1, uses_anonymous_args = 0
 305 0000 98B5     		push	{r3, r4, r7, lr}
 306              	.LCFI11:
 307              		.cfi_def_cfa_offset 16
 308              		.cfi_offset 3, -16
 309              		.cfi_offset 4, -12
 310              		.cfi_offset 7, -8
 311              		.cfi_offset 14, -4
 312 0002 00AF     		add	r7, sp, #0
 313              	.LCFI12:
 314              		.cfi_def_cfa_register 7
  79:common/lib.stm32/adc.c **** 	/* DMA1 channel1 configuration ---------------------------------------------*/
  80:common/lib.stm32/adc.c **** 	DMA_DeInit(ADC_DMA_CHANEL);
 315              		.loc 1 80 2
 316 0004 3B48     		ldr	r0, .L20
 317 0006 3C4B     		ldr	r3, .L20+4
 318 0008 9847     		blx	r3
 319              	.LVL1:
  81:common/lib.stm32/adc.c **** 	DMA_InitStructure.DMA_PeripheralBaseAddr = ADC1_DR_Address;
 320              		.loc 1 81 43
 321 000a 3C4B     		ldr	r3, .L20+8
 322 000c 3C4A     		ldr	r2, .L20+12
 323 000e 1A60     		str	r2, [r3]
  82:common/lib.stm32/adc.c **** 	DMA_InitStructure.DMA_MemoryBaseAddr = (uint32_t) ADC1ConvertedValue;
 324              		.loc 1 82 41
 325 0010 3C4A     		ldr	r2, .L20+16
 326              		.loc 1 82 39
 327 0012 3A4B     		ldr	r3, .L20+8
 328 0014 5A60     		str	r2, [r3, #4]
  83:common/lib.stm32/adc.c **** 	DMA_InitStructure.DMA_DIR = DMA_DIR_PeripheralSRC;
 329              		.loc 1 83 28
 330 0016 394B     		ldr	r3, .L20+8
 331 0018 0022     		movs	r2, #0
 332 001a 9A60     		str	r2, [r3, #8]
  84:common/lib.stm32/adc.c **** 	DMA_InitStructure.DMA_BufferSize = ADC_BUFFER_SIZE;
 333              		.loc 1 84 35
 334 001c 374B     		ldr	r3, .L20+8
 335 001e 4FF44062 		mov	r2, #3072
 336 0022 DA60     		str	r2, [r3, #12]
  85:common/lib.stm32/adc.c **** 	DMA_InitStructure.DMA_PeripheralInc = DMA_PeripheralInc_Disable;
 337              		.loc 1 85 38
 338 0024 354B     		ldr	r3, .L20+8
 339 0026 0022     		movs	r2, #0
 340 0028 1A61     		str	r2, [r3, #16]
  86:common/lib.stm32/adc.c **** 	DMA_InitStructure.DMA_MemoryInc = DMA_MemoryInc_Enable;
 341              		.loc 1 86 34
 342 002a 344B     		ldr	r3, .L20+8
 343 002c 8022     		movs	r2, #128
 344 002e 5A61     		str	r2, [r3, #20]
  87:common/lib.stm32/adc.c **** 	DMA_InitStructure.DMA_PeripheralDataSize = DMA_PeripheralDataSize_HalfWord;
 345              		.loc 1 87 43
 346 0030 324B     		ldr	r3, .L20+8
 347 0032 4FF48072 		mov	r2, #256
 348 0036 9A61     		str	r2, [r3, #24]
  88:common/lib.stm32/adc.c **** 	DMA_InitStructure.DMA_MemoryDataSize = DMA_MemoryDataSize_HalfWord;
 349              		.loc 1 88 39
 350 0038 304B     		ldr	r3, .L20+8
 351 003a 4FF48062 		mov	r2, #1024
 352 003e DA61     		str	r2, [r3, #28]
  89:common/lib.stm32/adc.c **** 	DMA_InitStructure.DMA_Mode = DMA_Mode_Circular;
 353              		.loc 1 89 29
 354 0040 2E4B     		ldr	r3, .L20+8
 355 0042 2022     		movs	r2, #32
 356 0044 1A62     		str	r2, [r3, #32]
  90:common/lib.stm32/adc.c **** 	DMA_InitStructure.DMA_Priority = DMA_Priority_High;
 357              		.loc 1 90 33
 358 0046 2D4B     		ldr	r3, .L20+8
 359 0048 4FF40052 		mov	r2, #8192
 360 004c 5A62     		str	r2, [r3, #36]
  91:common/lib.stm32/adc.c **** 	DMA_InitStructure.DMA_M2M = DMA_M2M_Disable;
 361              		.loc 1 91 28
 362 004e 2B4B     		ldr	r3, .L20+8
 363 0050 0022     		movs	r2, #0
 364 0052 9A62     		str	r2, [r3, #40]
  92:common/lib.stm32/adc.c **** 	DMA_Init(ADC_DMA_CHANEL, &DMA_InitStructure);
 365              		.loc 1 92 2
 366 0054 2949     		ldr	r1, .L20+8
 367 0056 2748     		ldr	r0, .L20
 368 0058 2B4B     		ldr	r3, .L20+20
 369 005a 9847     		blx	r3
 370              	.LVL2:
  93:common/lib.stm32/adc.c **** 
  94:common/lib.stm32/adc.c **** 	/* Enable DMA1 channel1 */
  95:common/lib.stm32/adc.c **** 	DMA_Cmd(ADC_DMA_CHANEL, ENABLE);
 371              		.loc 1 95 2
 372 005c 0121     		movs	r1, #1
 373 005e 2548     		ldr	r0, .L20
 374 0060 2A4B     		ldr	r3, .L20+24
 375 0062 9847     		blx	r3
 376              	.LVL3:
  96:common/lib.stm32/adc.c **** 
  97:common/lib.stm32/adc.c **** 	/* ADC1 configuration ------------------------------------------------------*/
  98:common/lib.stm32/adc.c **** 	ADC_InitStructure.ADC_Mode = ADC_Mode_Independent;
 377              		.loc 1 98 29
 378 0064 2A4B     		ldr	r3, .L20+28
 379 0066 0022     		movs	r2, #0
 380 0068 1A60     		str	r2, [r3]
  99:common/lib.stm32/adc.c **** 	ADC_InitStructure.ADC_ScanConvMode = ENABLE;
 381              		.loc 1 99 37
 382 006a 294B     		ldr	r3, .L20+28
 383 006c 0122     		movs	r2, #1
 384 006e 1A71     		strb	r2, [r3, #4]
 100:common/lib.stm32/adc.c **** 	ADC_InitStructure.ADC_ContinuousConvMode = ENABLE;
 385              		.loc 1 100 43
 386 0070 274B     		ldr	r3, .L20+28
 387 0072 0122     		movs	r2, #1
 388 0074 5A71     		strb	r2, [r3, #5]
 101:common/lib.stm32/adc.c **** 	ADC_InitStructure.ADC_ExternalTrigConv = ADC_ExternalTrigConv_None;
 389              		.loc 1 101 41
 390 0076 264B     		ldr	r3, .L20+28
 391 0078 4FF46022 		mov	r2, #917504
 392 007c 9A60     		str	r2, [r3, #8]
 102:common/lib.stm32/adc.c **** 	ADC_InitStructure.ADC_DataAlign = ADC_DataAlign_Right;
 393              		.loc 1 102 34
 394 007e 244B     		ldr	r3, .L20+28
 395 0080 0022     		movs	r2, #0
 396 0082 DA60     		str	r2, [r3, #12]
 103:common/lib.stm32/adc.c **** 	ADC_InitStructure.ADC_NbrOfChannel = CHANELS_AMOUNT;
 397              		.loc 1 103 37
 398 0084 224B     		ldr	r3, .L20+28
 399 0086 0322     		movs	r2, #3
 400 0088 1A74     		strb	r2, [r3, #16]
 104:common/lib.stm32/adc.c **** 	ADC_Init(ADC1, &ADC_InitStructure);
 401              		.loc 1 104 2
 402 008a 2149     		ldr	r1, .L20+28
 403 008c 2148     		ldr	r0, .L20+32
 404 008e 224B     		ldr	r3, .L20+36
 405 0090 9847     		blx	r3
 406              	.LVL4:
 105:common/lib.stm32/adc.c **** 
 106:common/lib.stm32/adc.c **** 	/* ADC1 regular channel1 */
 107:common/lib.stm32/adc.c **** 	ADC_RegularChannelConfig(ADC1, ADC_Channel_0, 1, ADC_SampleTime_7Cycles5); //
 407              		.loc 1 107 2
 408 0092 0123     		movs	r3, #1
 409 0094 0122     		movs	r2, #1
 410 0096 0021     		movs	r1, #0
 411 0098 1E48     		ldr	r0, .L20+32
 412 009a 204C     		ldr	r4, .L20+40
 413 009c A047     		blx	r4
 414              	.LVL5:
 108:common/lib.stm32/adc.c **** 	ADC_RegularChannelConfig(ADC1, ADC_Channel_1, 2, ADC_SampleTime_7Cycles5); //
 415              		.loc 1 108 2
 416 009e 0123     		movs	r3, #1
 417 00a0 0222     		movs	r2, #2
 418 00a2 0121     		movs	r1, #1
 419 00a4 1B48     		ldr	r0, .L20+32
 420 00a6 1D4C     		ldr	r4, .L20+40
 421 00a8 A047     		blx	r4
 422              	.LVL6:
 109:common/lib.stm32/adc.c **** 	ADC_RegularChannelConfig(ADC1, ADC_Channel_2, 3, ADC_SampleTime_7Cycles5);  //
 423              		.loc 1 109 2
 424 00aa 0123     		movs	r3, #1
 425 00ac 0322     		movs	r2, #3
 426 00ae 0221     		movs	r1, #2
 427 00b0 1848     		ldr	r0, .L20+32
 428 00b2 1A4C     		ldr	r4, .L20+40
 429 00b4 A047     		blx	r4
 430              	.LVL7:
 110:common/lib.stm32/adc.c **** 
 111:common/lib.stm32/adc.c **** 
 112:common/lib.stm32/adc.c **** 	/* Enable ADC1 DMA */
 113:common/lib.stm32/adc.c **** 	ADC_DMACmd(ADC1, ENABLE);
 431              		.loc 1 113 2
 432 00b6 0121     		movs	r1, #1
 433 00b8 1648     		ldr	r0, .L20+32
 434 00ba 194B     		ldr	r3, .L20+44
 435 00bc 9847     		blx	r3
 436              	.LVL8:
 114:common/lib.stm32/adc.c **** 
 115:common/lib.stm32/adc.c **** 	/* Enable ADC1 */
 116:common/lib.stm32/adc.c **** 	ADC_Cmd(ADC1, ENABLE);
 437              		.loc 1 116 2
 438 00be 0121     		movs	r1, #1
 439 00c0 1448     		ldr	r0, .L20+32
 440 00c2 184B     		ldr	r3, .L20+48
 441 00c4 9847     		blx	r3
 442              	.LVL9:
 117:common/lib.stm32/adc.c **** 
 118:common/lib.stm32/adc.c **** 	/* Enable TempSensor and Vrefint channels: channel16 and Channel17 */
 119:common/lib.stm32/adc.c **** 	//ADC_TempSensorVrefintCmd(ENABLE);
 120:common/lib.stm32/adc.c **** 	/* Enable ADC1 reset calibaration register */
 121:common/lib.stm32/adc.c **** 	ADC_ResetCalibration(ADC1);
 443              		.loc 1 121 2
 444 00c6 1348     		ldr	r0, .L20+32
 445 00c8 174B     		ldr	r3, .L20+52
 446 00ca 9847     		blx	r3
 447              	.LVL10:
 122:common/lib.stm32/adc.c **** 
 123:common/lib.stm32/adc.c **** 	/* Check the end of ADC1 reset calibration register */
 124:common/lib.stm32/adc.c **** 	while (ADC_GetResetCalibrationStatus(ADC1))
 448              		.loc 1 124 8
 449 00cc 00BF     		nop
 450              	.L18:
 451              		.loc 1 124 9 discriminator 1
 452 00ce 1148     		ldr	r0, .L20+32
 453 00d0 164B     		ldr	r3, .L20+56
 454 00d2 9847     		blx	r3
 455              	.LVL11:
 456 00d4 0346     		mov	r3, r0
 457              		.loc 1 124 8 discriminator 1
 458 00d6 002B     		cmp	r3, #0
 459 00d8 F9D1     		bne	.L18
 125:common/lib.stm32/adc.c **** 		;
 126:common/lib.stm32/adc.c **** 
 127:common/lib.stm32/adc.c **** 	/* Start ADC1 calibaration */
 128:common/lib.stm32/adc.c **** 	ADC_StartCalibration(ADC1);
 460              		.loc 1 128 2
 461 00da 0E48     		ldr	r0, .L20+32
 462 00dc 144B     		ldr	r3, .L20+60
 463 00de 9847     		blx	r3
 464              	.LVL12:
 129:common/lib.stm32/adc.c **** 
 130:common/lib.stm32/adc.c **** 	/* Check the end of ADC1 calibration */
 131:common/lib.stm32/adc.c **** 	while (ADC_GetCalibrationStatus(ADC1))
 465              		.loc 1 131 8
 466 00e0 00BF     		nop
 467              	.L19:
 468              		.loc 1 131 9 discriminator 1
 469 00e2 0C48     		ldr	r0, .L20+32
 470 00e4 134B     		ldr	r3, .L20+64
 471 00e6 9847     		blx	r3
 472              	.LVL13:
 473 00e8 0346     		mov	r3, r0
 474              		.loc 1 131 8 discriminator 1
 475 00ea 002B     		cmp	r3, #0
 476 00ec F9D1     		bne	.L19
 132:common/lib.stm32/adc.c **** 		;
 133:common/lib.stm32/adc.c **** }
 477              		.loc 1 133 1
 478 00ee 00BF     		nop
 479 00f0 00BF     		nop
 480 00f2 98BD     		pop	{r3, r4, r7, pc}
 481              	.L21:
 482              		.align	2
 483              	.L20:
 484 00f4 08000240 		.word	1073872904
 485 00f8 00000000 		.word	DMA_DeInit
 486 00fc 00000000 		.word	DMA_InitStructure
 487 0100 4C240140 		.word	1073816652
 488 0104 00000000 		.word	ADC1ConvertedValue
 489 0108 00000000 		.word	DMA_Init
 490 010c 00000000 		.word	DMA_Cmd
 491 0110 00000000 		.word	ADC_InitStructure
 492 0114 00240140 		.word	1073816576
 493 0118 00000000 		.word	ADC_Init
 494 011c 00000000 		.word	ADC_RegularChannelConfig
 495 0120 00000000 		.word	ADC_DMACmd
 496 0124 00000000 		.word	ADC_Cmd
 497 0128 00000000 		.word	ADC_ResetCalibration
 498 012c 00000000 		.word	ADC_GetResetCalibrationStatus
 499 0130 00000000 		.word	ADC_StartCalibration
 500 0134 00000000 		.word	ADC_GetCalibrationStatus
 501              		.cfi_endproc
 502              	.LFE29:
 504              		.section	.text.ADC_RCC_Configuration,"ax",%progbits
 505              		.align	1
 506              		.global	ADC_RCC_Configuration
 507              		.syntax unified
 508              		.thumb
 509              		.thumb_func
 511              	ADC_RCC_Configuration:
 512              	.LFB30:
 134:common/lib.stm32/adc.c **** 
 135:common/lib.stm32/adc.c **** //==============================================================================
 136:common/lib.stm32/adc.c **** void ADC_RCC_Configuration(void)
 137:common/lib.stm32/adc.c **** {
 513              		.loc 1 137 1
 514              		.cfi_startproc
 515              		@ args = 0, pretend = 0, frame = 0
 516              		@ frame_needed = 1, uses_anonymous_args = 0
 517 0000 80B5     		push	{r7, lr}
 518              	.LCFI13:
 519              		.cfi_def_cfa_offset 8
 520              		.cfi_offset 7, -8
 521              		.cfi_offset 14, -4
 522 0002 00AF     		add	r7, sp, #0
 523              	.LCFI14:
 524              		.cfi_def_cfa_register 7
 138:common/lib.stm32/adc.c **** 	RCC_ADCCLKConfig(RCC_PCLK2_Div6); // ADC CLOCK = 12 MHZ
 525              		.loc 1 138 2
 526 0004 4FF40040 		mov	r0, #32768
 527 0008 064B     		ldr	r3, .L23
 528 000a 9847     		blx	r3
 529              	.LVL14:
 139:common/lib.stm32/adc.c **** 	//conversion time for 1 sample = sample clck+ 12.5
 140:common/lib.stm32/adc.c **** 	// if ST = 1.5 cycl time = 1.5+12.5 = 14 clk;
 141:common/lib.stm32/adc.c **** 	//  (1/12000000) * 14 = 1.666667 uS = 18.66666667 uS
 142:common/lib.stm32/adc.c **** 	// TOTOAL TIME FOR 16 chanels = 1.666667*16 =
 143:common/lib.stm32/adc.c **** 	/* Enable DMA1 clock */
 144:common/lib.stm32/adc.c **** 	RCC_AHBPeriphClockCmd(RCC_AHBPeriph_DMA1, ENABLE);
 530              		.loc 1 144 2
 531 000c 0121     		movs	r1, #1
 532 000e 0120     		movs	r0, #1
 533 0010 054B     		ldr	r3, .L23+4
 534 0012 9847     		blx	r3
 535              	.LVL15:
 145:common/lib.stm32/adc.c **** 	/* Enable peripheral clocks --------------------------------------------------*/
 146:common/lib.stm32/adc.c **** 	/* Enable ADC1 and GPIOC clock */
 147:common/lib.stm32/adc.c **** 	RCC_APB2PeriphClockCmd(RCC_APB2Periph_ADC1 , ENABLE);
 536              		.loc 1 147 2
 537 0014 0121     		movs	r1, #1
 538 0016 4FF40070 		mov	r0, #512
 539 001a 044B     		ldr	r3, .L23+8
 540 001c 9847     		blx	r3
 541              	.LVL16:
 148:common/lib.stm32/adc.c **** }
 542              		.loc 1 148 1
 543 001e 00BF     		nop
 544 0020 80BD     		pop	{r7, pc}
 545              	.L24:
 546 0022 00BF     		.align	2
 547              	.L23:
 548 0024 00000000 		.word	RCC_ADCCLKConfig
 549 0028 00000000 		.word	RCC_AHBPeriphClockCmd
 550 002c 00000000 		.word	RCC_APB2PeriphClockCmd
 551              		.cfi_endproc
 552              	.LFE30:
 554              		.section	.text.ADC_GPIO_Configuration,"ax",%progbits
 555              		.align	1
 556              		.global	ADC_GPIO_Configuration
 557              		.syntax unified
 558              		.thumb
 559              		.thumb_func
 561              	ADC_GPIO_Configuration:
 562              	.LFB31:
 149:common/lib.stm32/adc.c **** //==============================================================================
 150:common/lib.stm32/adc.c **** /**
 151:common/lib.stm32/adc.c ****  * @brief  Configures the different GPIO ports.
 152:common/lib.stm32/adc.c ****  * @param  None
 153:common/lib.stm32/adc.c ****  * @retval None
 154:common/lib.stm32/adc.c ****  */
 155:common/lib.stm32/adc.c **** void ADC_GPIO_Configuration(void)
 156:common/lib.stm32/adc.c **** {
 563              		.loc 1 156 1
 564              		.cfi_startproc
 565              		@ args = 0, pretend = 0, frame = 8
 566              		@ frame_needed = 1, uses_anonymous_args = 0
 567 0000 80B5     		push	{r7, lr}
 568              	.LCFI15:
 569              		.cfi_def_cfa_offset 8
 570              		.cfi_offset 7, -8
 571              		.cfi_offset 14, -4
 572 0002 82B0     		sub	sp, sp, #8
 573              	.LCFI16:
 574              		.cfi_def_cfa_offset 16
 575 0004 00AF     		add	r7, sp, #0
 576              	.LCFI17:
 577              		.cfi_def_cfa_register 7
 157:common/lib.stm32/adc.c **** 	GPIO_InitTypeDef GPIO_InitStructure;
 158:common/lib.stm32/adc.c **** 
 159:common/lib.stm32/adc.c **** 	GPIO_InitStructure.GPIO_Pin = GPIO_Pin_0 | GPIO_Pin_1 | GPIO_Pin_2;
 578              		.loc 1 159 30
 579 0006 0723     		movs	r3, #7
 580 0008 BB80     		strh	r3, [r7, #4]	@ movhi
 160:common/lib.stm32/adc.c **** 	GPIO_InitStructure.GPIO_Mode = GPIO_Mode_AIN;
 581              		.loc 1 160 31
 582 000a 0023     		movs	r3, #0
 583 000c FB71     		strb	r3, [r7, #7]
 161:common/lib.stm32/adc.c **** 	GPIO_Init(GPIOA, &GPIO_InitStructure);
 584              		.loc 1 161 2
 585 000e 3B1D     		adds	r3, r7, #4
 586 0010 1946     		mov	r1, r3
 587 0012 0348     		ldr	r0, .L26
 588 0014 034B     		ldr	r3, .L26+4
 589 0016 9847     		blx	r3
 590              	.LVL17:
 162:common/lib.stm32/adc.c **** 
 163:common/lib.stm32/adc.c **** }
 591              		.loc 1 163 1
 592 0018 00BF     		nop
 593 001a 0837     		adds	r7, r7, #8
 594              	.LCFI18:
 595              		.cfi_def_cfa_offset 8
 596 001c BD46     		mov	sp, r7
 597              	.LCFI19:
 598              		.cfi_def_cfa_register 13
 599              		@ sp needed
 600 001e 80BD     		pop	{r7, pc}
 601              	.L27:
 602              		.align	2
 603              	.L26:
 604 0020 00080140 		.word	1073809408
 605 0024 00000000 		.word	GPIO_Init
 606              		.cfi_endproc
 607              	.LFE31:
 609              		.section	.text.ADC_Start,"ax",%progbits
 610              		.align	1
 611              		.global	ADC_Start
 612              		.syntax unified
 613              		.thumb
 614              		.thumb_func
 616              	ADC_Start:
 617              	.LFB32:
 164:common/lib.stm32/adc.c **** //==============================================================================
 165:common/lib.stm32/adc.c **** void ADC_Start()
 166:common/lib.stm32/adc.c **** {
 618              		.loc 1 166 1
 619              		.cfi_startproc
 620              		@ args = 0, pretend = 0, frame = 0
 621              		@ frame_needed = 1, uses_anonymous_args = 0
 622 0000 80B5     		push	{r7, lr}
 623              	.LCFI20:
 624              		.cfi_def_cfa_offset 8
 625              		.cfi_offset 7, -8
 626              		.cfi_offset 14, -4
 627 0002 00AF     		add	r7, sp, #0
 628              	.LCFI21:
 629              		.cfi_def_cfa_register 7
 167:common/lib.stm32/adc.c **** 	ADC_RCC_Configuration();
 630              		.loc 1 167 2
 631 0004 054B     		ldr	r3, .L29
 632 0006 9847     		blx	r3
 633              	.LVL18:
 168:common/lib.stm32/adc.c **** 	ADC_GPIO_Configuration();
 634              		.loc 1 168 2
 635 0008 054B     		ldr	r3, .L29+4
 636 000a 9847     		blx	r3
 637              	.LVL19:
 169:common/lib.stm32/adc.c **** 	ADC_DMA_Init();
 638              		.loc 1 169 2
 639 000c 054B     		ldr	r3, .L29+8
 640 000e 9847     		blx	r3
 641              	.LVL20:
 170:common/lib.stm32/adc.c **** 
 171:common/lib.stm32/adc.c **** 	/* Start ADC1 Software Conversion */
 172:common/lib.stm32/adc.c **** 	ADC_SoftwareStartConvCmd(ADC1, ENABLE);
 642              		.loc 1 172 2
 643 0010 0121     		movs	r1, #1
 644 0012 0548     		ldr	r0, .L29+12
 645 0014 054B     		ldr	r3, .L29+16
 646 0016 9847     		blx	r3
 647              	.LVL21:
 173:common/lib.stm32/adc.c **** 
 174:common/lib.stm32/adc.c **** 	/* Test on Channel 1 DMA1_FLAG_TC flag */
 175:common/lib.stm32/adc.c **** 	// while(!DMA_GetFlagStatus(DMA1_FLAG_TC1));
 176:common/lib.stm32/adc.c **** 
 177:common/lib.stm32/adc.c **** 	/* Clear Channel 1 DMA1_FLAG_TC flag */
 178:common/lib.stm32/adc.c **** 
 179:common/lib.stm32/adc.c **** 	//		  DMA_ClearFlag(DMA1_FLAG_TC1);
 180:common/lib.stm32/adc.c **** }
 648              		.loc 1 180 1
 649 0018 00BF     		nop
 650 001a 80BD     		pop	{r7, pc}
 651              	.L30:
 652              		.align	2
 653              	.L29:
 654 001c 00000000 		.word	ADC_RCC_Configuration
 655 0020 00000000 		.word	ADC_GPIO_Configuration
 656 0024 00000000 		.word	ADC_DMA_Init
 657 0028 00240140 		.word	1073816576
 658 002c 00000000 		.word	ADC_SoftwareStartConvCmd
 659              		.cfi_endproc
 660              	.LFE32:
 662              		.text
 663              	.Letext0:
 664              		.file 2 "c:\\program files (x86)\\gnu arm embedded toolchain\\10 2021.10\\arm-none-eabi\\include\\
 665              		.file 3 "c:\\program files (x86)\\gnu arm embedded toolchain\\10 2021.10\\arm-none-eabi\\include\\
 666              		.file 4 "common/lib.stm32/CMSIS/Core/CM3/stm32f10x.h"
 667              		.file 5 "common/lib.stm32/STM32F10x_StdPeriph_Driver/inc/stm32f10x_adc.h"
 668              		.file 6 "common/lib.stm32/STM32F10x_StdPeriph_Driver/inc/stm32f10x_dma.h"
 669              		.file 7 "common/lib.stm32/STM32F10x_StdPeriph_Driver/inc/stm32f10x_gpio.h"
 670              		.file 8 "common/lib.stm32/STM32F10x_StdPeriph_Driver/inc/stm32f10x_rcc.h"
DEFINED SYMBOLS
                            *ABS*:00000000 adc.c
C:\Users\Admin\AppData\Local\Temp\ccuqnRMr.s:22     .bss.adcb:00000000 adcb
C:\Users\Admin\AppData\Local\Temp\ccuqnRMr.s:19     .bss.adcb:00000000 $d
C:\Users\Admin\AppData\Local\Temp\ccuqnRMr.s:29     .bss.adca:00000000 adca
C:\Users\Admin\AppData\Local\Temp\ccuqnRMr.s:26     .bss.adca:00000000 $d
C:\Users\Admin\AppData\Local\Temp\ccuqnRMr.s:36     .bss.ADC_InitStructure:00000000 ADC_InitStructure
C:\Users\Admin\AppData\Local\Temp\ccuqnRMr.s:33     .bss.ADC_InitStructure:00000000 $d
C:\Users\Admin\AppData\Local\Temp\ccuqnRMr.s:43     .bss.DMA_InitStructure:00000000 DMA_InitStructure
C:\Users\Admin\AppData\Local\Temp\ccuqnRMr.s:40     .bss.DMA_InitStructure:00000000 $d
C:\Users\Admin\AppData\Local\Temp\ccuqnRMr.s:50     .bss.ADC1ConvertedValue:00000000 ADC1ConvertedValue
C:\Users\Admin\AppData\Local\Temp\ccuqnRMr.s:47     .bss.ADC1ConvertedValue:00000000 $d
C:\Users\Admin\AppData\Local\Temp\ccuqnRMr.s:57     .bss.ADC_ACC:00000000 ADC_ACC
C:\Users\Admin\AppData\Local\Temp\ccuqnRMr.s:54     .bss.ADC_ACC:00000000 $d
C:\Users\Admin\AppData\Local\Temp\ccuqnRMr.s:60     .text.AddMeasurments:00000000 $t
C:\Users\Admin\AppData\Local\Temp\ccuqnRMr.s:66     .text.AddMeasurments:00000000 AddMeasurments
C:\Users\Admin\AppData\Local\Temp\ccuqnRMr.s:178    .text.AddMeasurments:00000078 $d
C:\Users\Admin\AppData\Local\Temp\ccuqnRMr.s:183    .text.GetADC:00000000 $t
C:\Users\Admin\AppData\Local\Temp\ccuqnRMr.s:189    .text.GetADC:00000000 GetADC
C:\Users\Admin\AppData\Local\Temp\ccuqnRMr.s:285    .text.GetADC:0000007c $d
C:\Users\Admin\AppData\Local\Temp\ccuqnRMr.s:293    .text.ADC_DMA_Init:00000000 $t
C:\Users\Admin\AppData\Local\Temp\ccuqnRMr.s:299    .text.ADC_DMA_Init:00000000 ADC_DMA_Init
C:\Users\Admin\AppData\Local\Temp\ccuqnRMr.s:484    .text.ADC_DMA_Init:000000f4 $d
C:\Users\Admin\AppData\Local\Temp\ccuqnRMr.s:505    .text.ADC_RCC_Configuration:00000000 $t
C:\Users\Admin\AppData\Local\Temp\ccuqnRMr.s:511    .text.ADC_RCC_Configuration:00000000 ADC_RCC_Configuration
C:\Users\Admin\AppData\Local\Temp\ccuqnRMr.s:548    .text.ADC_RCC_Configuration:00000024 $d
C:\Users\Admin\AppData\Local\Temp\ccuqnRMr.s:555    .text.ADC_GPIO_Configuration:00000000 $t
C:\Users\Admin\AppData\Local\Temp\ccuqnRMr.s:561    .text.ADC_GPIO_Configuration:00000000 ADC_GPIO_Configuration
C:\Users\Admin\AppData\Local\Temp\ccuqnRMr.s:604    .text.ADC_GPIO_Configuration:00000020 $d
C:\Users\Admin\AppData\Local\Temp\ccuqnRMr.s:610    .text.ADC_Start:00000000 $t
C:\Users\Admin\AppData\Local\Temp\ccuqnRMr.s:616    .text.ADC_Start:00000000 ADC_Start
C:\Users\Admin\AppData\Local\Temp\ccuqnRMr.s:654    .text.ADC_Start:0000001c $d

UNDEFINED SYMBOLS
DMA_DeInit
DMA_Init
DMA_Cmd
ADC_Init
ADC_RegularChannelConfig
ADC_DMACmd
ADC_Cmd
ADC_ResetCalibration
ADC_GetResetCalibrationStatus
ADC_StartCalibration
ADC_GetCalibrationStatus
RCC_ADCCLKConfig
RCC_AHBPeriphClockCmd
RCC_APB2PeriphClockCmd
GPIO_Init
ADC_SoftwareStartConvCmd
