   1              		.cpu cortex-m3
   2              		.arch armv7-m
   3              		.fpu softvfp
   4              		.eabi_attribute 20, 1
   5              		.eabi_attribute 21, 1
   6              		.eabi_attribute 23, 3
   7              		.eabi_attribute 24, 1
   8              		.eabi_attribute 25, 1
   9              		.eabi_attribute 26, 1
  10              		.eabi_attribute 30, 6
  11              		.eabi_attribute 34, 1
  12              		.eabi_attribute 18, 4
  13              		.file	"misc.c"
  14              		.text
  15              	.Ltext0:
  16              		.cfi_sections	.debug_frame
  17              		.section	.text.NVIC_PriorityGroupConfig,"ax",%progbits
  18              		.align	1
  19              		.global	NVIC_PriorityGroupConfig
  20              		.syntax unified
  21              		.thumb
  22              		.thumb_func
  24              	NVIC_PriorityGroupConfig:
  25              	.LFB27:
  26              		.file 1 "common/lib.stm32/STM32F10x_StdPeriph_Driver/src/misc.c"
   1:common/lib.stm32/STM32F10x_StdPeriph_Driver/src/misc.c **** /**
   2:common/lib.stm32/STM32F10x_StdPeriph_Driver/src/misc.c ****   ******************************************************************************
   3:common/lib.stm32/STM32F10x_StdPeriph_Driver/src/misc.c ****   * @file    misc.c
   4:common/lib.stm32/STM32F10x_StdPeriph_Driver/src/misc.c ****   * @author  MCD Application Team
   5:common/lib.stm32/STM32F10x_StdPeriph_Driver/src/misc.c ****   * @version V3.1.2
   6:common/lib.stm32/STM32F10x_StdPeriph_Driver/src/misc.c ****   * @date    09/28/2009
   7:common/lib.stm32/STM32F10x_StdPeriph_Driver/src/misc.c ****   * @brief   This file provides all the miscellaneous firmware functions (add-on
   8:common/lib.stm32/STM32F10x_StdPeriph_Driver/src/misc.c ****   *          to CMSIS functions).
   9:common/lib.stm32/STM32F10x_StdPeriph_Driver/src/misc.c ****   ******************************************************************************
  10:common/lib.stm32/STM32F10x_StdPeriph_Driver/src/misc.c ****   * @copy
  11:common/lib.stm32/STM32F10x_StdPeriph_Driver/src/misc.c ****   *
  12:common/lib.stm32/STM32F10x_StdPeriph_Driver/src/misc.c ****   * THE PRESENT FIRMWARE WHICH IS FOR GUIDANCE ONLY AIMS AT PROVIDING CUSTOMERS
  13:common/lib.stm32/STM32F10x_StdPeriph_Driver/src/misc.c ****   * WITH CODING INFORMATION REGARDING THEIR PRODUCTS IN ORDER FOR THEM TO SAVE
  14:common/lib.stm32/STM32F10x_StdPeriph_Driver/src/misc.c ****   * TIME. AS A RESULT, STMICROELECTRONICS SHALL NOT BE HELD LIABLE FOR ANY
  15:common/lib.stm32/STM32F10x_StdPeriph_Driver/src/misc.c ****   * DIRECT, INDIRECT OR CONSEQUENTIAL DAMAGES WITH RESPECT TO ANY CLAIMS ARISING
  16:common/lib.stm32/STM32F10x_StdPeriph_Driver/src/misc.c ****   * FROM THE CONTENT OF SUCH FIRMWARE AND/OR THE USE MADE BY CUSTOMERS OF THE
  17:common/lib.stm32/STM32F10x_StdPeriph_Driver/src/misc.c ****   * CODING INFORMATION CONTAINED HEREIN IN CONNECTION WITH THEIR PRODUCTS.
  18:common/lib.stm32/STM32F10x_StdPeriph_Driver/src/misc.c ****   *
  19:common/lib.stm32/STM32F10x_StdPeriph_Driver/src/misc.c ****   * <h2><center>&copy; COPYRIGHT 2009 STMicroelectronics</center></h2>
  20:common/lib.stm32/STM32F10x_StdPeriph_Driver/src/misc.c ****   */ 
  21:common/lib.stm32/STM32F10x_StdPeriph_Driver/src/misc.c **** 
  22:common/lib.stm32/STM32F10x_StdPeriph_Driver/src/misc.c **** /* Includes ------------------------------------------------------------------*/
  23:common/lib.stm32/STM32F10x_StdPeriph_Driver/src/misc.c **** #include "misc.h"
  24:common/lib.stm32/STM32F10x_StdPeriph_Driver/src/misc.c **** 
  25:common/lib.stm32/STM32F10x_StdPeriph_Driver/src/misc.c **** /** @addtogroup STM32F10x_StdPeriph_Driver
  26:common/lib.stm32/STM32F10x_StdPeriph_Driver/src/misc.c ****   * @{
  27:common/lib.stm32/STM32F10x_StdPeriph_Driver/src/misc.c ****   */
  28:common/lib.stm32/STM32F10x_StdPeriph_Driver/src/misc.c **** 
  29:common/lib.stm32/STM32F10x_StdPeriph_Driver/src/misc.c **** /** @defgroup MISC 
  30:common/lib.stm32/STM32F10x_StdPeriph_Driver/src/misc.c ****   * @brief MISC driver modules
  31:common/lib.stm32/STM32F10x_StdPeriph_Driver/src/misc.c ****   * @{
  32:common/lib.stm32/STM32F10x_StdPeriph_Driver/src/misc.c ****   */
  33:common/lib.stm32/STM32F10x_StdPeriph_Driver/src/misc.c **** 
  34:common/lib.stm32/STM32F10x_StdPeriph_Driver/src/misc.c **** /** @defgroup MISC_Private_TypesDefinitions
  35:common/lib.stm32/STM32F10x_StdPeriph_Driver/src/misc.c ****   * @{
  36:common/lib.stm32/STM32F10x_StdPeriph_Driver/src/misc.c ****   */
  37:common/lib.stm32/STM32F10x_StdPeriph_Driver/src/misc.c **** 
  38:common/lib.stm32/STM32F10x_StdPeriph_Driver/src/misc.c **** /**
  39:common/lib.stm32/STM32F10x_StdPeriph_Driver/src/misc.c ****   * @}
  40:common/lib.stm32/STM32F10x_StdPeriph_Driver/src/misc.c ****   */ 
  41:common/lib.stm32/STM32F10x_StdPeriph_Driver/src/misc.c **** 
  42:common/lib.stm32/STM32F10x_StdPeriph_Driver/src/misc.c **** /** @defgroup MISC_Private_Defines
  43:common/lib.stm32/STM32F10x_StdPeriph_Driver/src/misc.c ****   * @{
  44:common/lib.stm32/STM32F10x_StdPeriph_Driver/src/misc.c ****   */
  45:common/lib.stm32/STM32F10x_StdPeriph_Driver/src/misc.c **** 
  46:common/lib.stm32/STM32F10x_StdPeriph_Driver/src/misc.c **** #define AIRCR_VECTKEY_MASK    ((uint32_t)0x05FA0000)
  47:common/lib.stm32/STM32F10x_StdPeriph_Driver/src/misc.c **** /**
  48:common/lib.stm32/STM32F10x_StdPeriph_Driver/src/misc.c ****   * @}
  49:common/lib.stm32/STM32F10x_StdPeriph_Driver/src/misc.c ****   */
  50:common/lib.stm32/STM32F10x_StdPeriph_Driver/src/misc.c **** 
  51:common/lib.stm32/STM32F10x_StdPeriph_Driver/src/misc.c **** /** @defgroup MISC_Private_Macros
  52:common/lib.stm32/STM32F10x_StdPeriph_Driver/src/misc.c ****   * @{
  53:common/lib.stm32/STM32F10x_StdPeriph_Driver/src/misc.c ****   */
  54:common/lib.stm32/STM32F10x_StdPeriph_Driver/src/misc.c **** 
  55:common/lib.stm32/STM32F10x_StdPeriph_Driver/src/misc.c **** /**
  56:common/lib.stm32/STM32F10x_StdPeriph_Driver/src/misc.c ****   * @}
  57:common/lib.stm32/STM32F10x_StdPeriph_Driver/src/misc.c ****   */
  58:common/lib.stm32/STM32F10x_StdPeriph_Driver/src/misc.c **** 
  59:common/lib.stm32/STM32F10x_StdPeriph_Driver/src/misc.c **** /** @defgroup MISC_Private_Variables
  60:common/lib.stm32/STM32F10x_StdPeriph_Driver/src/misc.c ****   * @{
  61:common/lib.stm32/STM32F10x_StdPeriph_Driver/src/misc.c ****   */
  62:common/lib.stm32/STM32F10x_StdPeriph_Driver/src/misc.c **** 
  63:common/lib.stm32/STM32F10x_StdPeriph_Driver/src/misc.c **** /**
  64:common/lib.stm32/STM32F10x_StdPeriph_Driver/src/misc.c ****   * @}
  65:common/lib.stm32/STM32F10x_StdPeriph_Driver/src/misc.c ****   */
  66:common/lib.stm32/STM32F10x_StdPeriph_Driver/src/misc.c **** 
  67:common/lib.stm32/STM32F10x_StdPeriph_Driver/src/misc.c **** /** @defgroup MISC_Private_FunctionPrototypes
  68:common/lib.stm32/STM32F10x_StdPeriph_Driver/src/misc.c ****   * @{
  69:common/lib.stm32/STM32F10x_StdPeriph_Driver/src/misc.c ****   */
  70:common/lib.stm32/STM32F10x_StdPeriph_Driver/src/misc.c **** 
  71:common/lib.stm32/STM32F10x_StdPeriph_Driver/src/misc.c **** /**
  72:common/lib.stm32/STM32F10x_StdPeriph_Driver/src/misc.c ****   * @}
  73:common/lib.stm32/STM32F10x_StdPeriph_Driver/src/misc.c ****   */
  74:common/lib.stm32/STM32F10x_StdPeriph_Driver/src/misc.c **** 
  75:common/lib.stm32/STM32F10x_StdPeriph_Driver/src/misc.c **** /** @defgroup MISC_Private_Functions
  76:common/lib.stm32/STM32F10x_StdPeriph_Driver/src/misc.c ****   * @{
  77:common/lib.stm32/STM32F10x_StdPeriph_Driver/src/misc.c ****   */
  78:common/lib.stm32/STM32F10x_StdPeriph_Driver/src/misc.c **** 
  79:common/lib.stm32/STM32F10x_StdPeriph_Driver/src/misc.c **** /**
  80:common/lib.stm32/STM32F10x_StdPeriph_Driver/src/misc.c ****   * @brief  Configures the priority grouping: pre-emption priority and subpriority.
  81:common/lib.stm32/STM32F10x_StdPeriph_Driver/src/misc.c ****   * @param  NVIC_PriorityGroup: specifies the priority grouping bits length. 
  82:common/lib.stm32/STM32F10x_StdPeriph_Driver/src/misc.c ****   *   This parameter can be one of the following values:
  83:common/lib.stm32/STM32F10x_StdPeriph_Driver/src/misc.c ****   *     @arg NVIC_PriorityGroup_0: 0 bits for pre-emption priority
  84:common/lib.stm32/STM32F10x_StdPeriph_Driver/src/misc.c ****   *                                4 bits for subpriority
  85:common/lib.stm32/STM32F10x_StdPeriph_Driver/src/misc.c ****   *     @arg NVIC_PriorityGroup_1: 1 bits for pre-emption priority
  86:common/lib.stm32/STM32F10x_StdPeriph_Driver/src/misc.c ****   *                                3 bits for subpriority
  87:common/lib.stm32/STM32F10x_StdPeriph_Driver/src/misc.c ****   *     @arg NVIC_PriorityGroup_2: 2 bits for pre-emption priority
  88:common/lib.stm32/STM32F10x_StdPeriph_Driver/src/misc.c ****   *                                2 bits for subpriority
  89:common/lib.stm32/STM32F10x_StdPeriph_Driver/src/misc.c ****   *     @arg NVIC_PriorityGroup_3: 3 bits for pre-emption priority
  90:common/lib.stm32/STM32F10x_StdPeriph_Driver/src/misc.c ****   *                                1 bits for subpriority
  91:common/lib.stm32/STM32F10x_StdPeriph_Driver/src/misc.c ****   *     @arg NVIC_PriorityGroup_4: 4 bits for pre-emption priority
  92:common/lib.stm32/STM32F10x_StdPeriph_Driver/src/misc.c ****   *                                0 bits for subpriority
  93:common/lib.stm32/STM32F10x_StdPeriph_Driver/src/misc.c ****   * @retval None
  94:common/lib.stm32/STM32F10x_StdPeriph_Driver/src/misc.c ****   */
  95:common/lib.stm32/STM32F10x_StdPeriph_Driver/src/misc.c **** void NVIC_PriorityGroupConfig(uint32_t NVIC_PriorityGroup)
  96:common/lib.stm32/STM32F10x_StdPeriph_Driver/src/misc.c **** {
  27              		.loc 1 96 1
  28              		.cfi_startproc
  29              		@ args = 0, pretend = 0, frame = 8
  30              		@ frame_needed = 1, uses_anonymous_args = 0
  31              		@ link register save eliminated.
  32 0000 80B4     		push	{r7}
  33              	.LCFI0:
  34              		.cfi_def_cfa_offset 4
  35              		.cfi_offset 7, -4
  36 0002 83B0     		sub	sp, sp, #12
  37              	.LCFI1:
  38              		.cfi_def_cfa_offset 16
  39 0004 00AF     		add	r7, sp, #0
  40              	.LCFI2:
  41              		.cfi_def_cfa_register 7
  42 0006 7860     		str	r0, [r7, #4]
  97:common/lib.stm32/STM32F10x_StdPeriph_Driver/src/misc.c ****   /* Check the parameters */
  98:common/lib.stm32/STM32F10x_StdPeriph_Driver/src/misc.c ****   assert_param(IS_NVIC_PRIORITY_GROUP(NVIC_PriorityGroup));
  99:common/lib.stm32/STM32F10x_StdPeriph_Driver/src/misc.c ****   
 100:common/lib.stm32/STM32F10x_StdPeriph_Driver/src/misc.c ****   /* Set the PRIGROUP[10:8] bits according to NVIC_PriorityGroup value */
 101:common/lib.stm32/STM32F10x_StdPeriph_Driver/src/misc.c ****   SCB->AIRCR = AIRCR_VECTKEY_MASK | NVIC_PriorityGroup;
  43              		.loc 1 101 6
  44 0008 054A     		ldr	r2, .L2
  45              		.loc 1 101 35
  46 000a 7B68     		ldr	r3, [r7, #4]
  47 000c 43F0BF63 		orr	r3, r3, #100139008
  48 0010 43F40033 		orr	r3, r3, #131072
  49              		.loc 1 101 14
  50 0014 D360     		str	r3, [r2, #12]
 102:common/lib.stm32/STM32F10x_StdPeriph_Driver/src/misc.c **** }
  51              		.loc 1 102 1
  52 0016 00BF     		nop
  53 0018 0C37     		adds	r7, r7, #12
  54              	.LCFI3:
  55              		.cfi_def_cfa_offset 4
  56 001a BD46     		mov	sp, r7
  57              	.LCFI4:
  58              		.cfi_def_cfa_register 13
  59              		@ sp needed
  60 001c 80BC     		pop	{r7}
  61              	.LCFI5:
  62              		.cfi_restore 7
  63              		.cfi_def_cfa_offset 0
  64 001e 7047     		bx	lr
  65              	.L3:
  66              		.align	2
  67              	.L2:
  68 0020 00ED00E0 		.word	-536810240
  69              		.cfi_endproc
  70              	.LFE27:
  72              		.section	.text.NVIC_Init,"ax",%progbits
  73              		.align	1
  74              		.global	NVIC_Init
  75              		.syntax unified
  76              		.thumb
  77              		.thumb_func
  79              	NVIC_Init:
  80              	.LFB28:
 103:common/lib.stm32/STM32F10x_StdPeriph_Driver/src/misc.c **** 
 104:common/lib.stm32/STM32F10x_StdPeriph_Driver/src/misc.c **** /**
 105:common/lib.stm32/STM32F10x_StdPeriph_Driver/src/misc.c ****   * @brief  Initializes the NVIC peripheral according to the specified
 106:common/lib.stm32/STM32F10x_StdPeriph_Driver/src/misc.c ****   *   parameters in the NVIC_InitStruct.
 107:common/lib.stm32/STM32F10x_StdPeriph_Driver/src/misc.c ****   * @param  NVIC_InitStruct: pointer to a NVIC_InitTypeDef structure that contains
 108:common/lib.stm32/STM32F10x_StdPeriph_Driver/src/misc.c ****   *   the configuration information for the specified NVIC peripheral.
 109:common/lib.stm32/STM32F10x_StdPeriph_Driver/src/misc.c ****   * @retval None
 110:common/lib.stm32/STM32F10x_StdPeriph_Driver/src/misc.c ****   */
 111:common/lib.stm32/STM32F10x_StdPeriph_Driver/src/misc.c **** void NVIC_Init(NVIC_InitTypeDef* NVIC_InitStruct)
 112:common/lib.stm32/STM32F10x_StdPeriph_Driver/src/misc.c **** {
  81              		.loc 1 112 1
  82              		.cfi_startproc
  83              		@ args = 0, pretend = 0, frame = 24
  84              		@ frame_needed = 1, uses_anonymous_args = 0
  85              		@ link register save eliminated.
  86 0000 80B4     		push	{r7}
  87              	.LCFI6:
  88              		.cfi_def_cfa_offset 4
  89              		.cfi_offset 7, -4
  90 0002 87B0     		sub	sp, sp, #28
  91              	.LCFI7:
  92              		.cfi_def_cfa_offset 32
  93 0004 00AF     		add	r7, sp, #0
  94              	.LCFI8:
  95              		.cfi_def_cfa_register 7
  96 0006 7860     		str	r0, [r7, #4]
 113:common/lib.stm32/STM32F10x_StdPeriph_Driver/src/misc.c ****   uint32_t tmppriority = 0x00, tmppre = 0x00, tmpsub = 0x0F;
  97              		.loc 1 113 12
  98 0008 0023     		movs	r3, #0
  99 000a 7B61     		str	r3, [r7, #20]
 100              		.loc 1 113 32
 101 000c 0023     		movs	r3, #0
 102 000e 3B61     		str	r3, [r7, #16]
 103              		.loc 1 113 47
 104 0010 0F23     		movs	r3, #15
 105 0012 FB60     		str	r3, [r7, #12]
 114:common/lib.stm32/STM32F10x_StdPeriph_Driver/src/misc.c ****   
 115:common/lib.stm32/STM32F10x_StdPeriph_Driver/src/misc.c ****   /* Check the parameters */
 116:common/lib.stm32/STM32F10x_StdPeriph_Driver/src/misc.c ****   assert_param(IS_FUNCTIONAL_STATE(NVIC_InitStruct->NVIC_IRQChannelCmd));
 117:common/lib.stm32/STM32F10x_StdPeriph_Driver/src/misc.c ****   assert_param(IS_NVIC_PREEMPTION_PRIORITY(NVIC_InitStruct->NVIC_IRQChannelPreemptionPriority));  
 118:common/lib.stm32/STM32F10x_StdPeriph_Driver/src/misc.c ****   assert_param(IS_NVIC_SUB_PRIORITY(NVIC_InitStruct->NVIC_IRQChannelSubPriority));
 119:common/lib.stm32/STM32F10x_StdPeriph_Driver/src/misc.c ****     
 120:common/lib.stm32/STM32F10x_StdPeriph_Driver/src/misc.c ****   if (NVIC_InitStruct->NVIC_IRQChannelCmd != DISABLE)
 106              		.loc 1 120 22
 107 0014 7B68     		ldr	r3, [r7, #4]
 108 0016 DB78     		ldrb	r3, [r3, #3]	@ zero_extendqisi2
 109              		.loc 1 120 6
 110 0018 002B     		cmp	r3, #0
 111 001a 3AD0     		beq	.L5
 121:common/lib.stm32/STM32F10x_StdPeriph_Driver/src/misc.c ****   {
 122:common/lib.stm32/STM32F10x_StdPeriph_Driver/src/misc.c ****     /* Compute the Corresponding IRQ Priority --------------------------------*/    
 123:common/lib.stm32/STM32F10x_StdPeriph_Driver/src/misc.c ****     tmppriority = (0x700 - ((SCB->AIRCR) & (uint32_t)0x700))>> 0x08;
 112              		.loc 1 123 33
 113 001c 274B     		ldr	r3, .L8
 114 001e DB68     		ldr	r3, [r3, #12]
 115              		.loc 1 123 26
 116 0020 DB43     		mvns	r3, r3
 117              		.loc 1 123 61
 118 0022 1B0A     		lsrs	r3, r3, #8
 119              		.loc 1 123 17
 120 0024 03F00703 		and	r3, r3, #7
 121 0028 7B61     		str	r3, [r7, #20]
 124:common/lib.stm32/STM32F10x_StdPeriph_Driver/src/misc.c ****     tmppre = (0x4 - tmppriority);
 122              		.loc 1 124 12
 123 002a 7B69     		ldr	r3, [r7, #20]
 124 002c C3F10403 		rsb	r3, r3, #4
 125 0030 3B61     		str	r3, [r7, #16]
 125:common/lib.stm32/STM32F10x_StdPeriph_Driver/src/misc.c ****     tmpsub = tmpsub >> tmppriority;
 126              		.loc 1 125 12
 127 0032 FA68     		ldr	r2, [r7, #12]
 128 0034 7B69     		ldr	r3, [r7, #20]
 129 0036 22FA03F3 		lsr	r3, r2, r3
 130 003a FB60     		str	r3, [r7, #12]
 126:common/lib.stm32/STM32F10x_StdPeriph_Driver/src/misc.c **** 
 127:common/lib.stm32/STM32F10x_StdPeriph_Driver/src/misc.c ****     tmppriority = (uint32_t)NVIC_InitStruct->NVIC_IRQChannelPreemptionPriority << tmppre;
 131              		.loc 1 127 44
 132 003c 7B68     		ldr	r3, [r7, #4]
 133 003e 5B78     		ldrb	r3, [r3, #1]	@ zero_extendqisi2
 134              		.loc 1 127 19
 135 0040 1A46     		mov	r2, r3
 136              		.loc 1 127 17
 137 0042 3B69     		ldr	r3, [r7, #16]
 138 0044 02FA03F3 		lsl	r3, r2, r3
 139 0048 7B61     		str	r3, [r7, #20]
 128:common/lib.stm32/STM32F10x_StdPeriph_Driver/src/misc.c ****     tmppriority |=  NVIC_InitStruct->NVIC_IRQChannelSubPriority & tmpsub;
 140              		.loc 1 128 36
 141 004a 7B68     		ldr	r3, [r7, #4]
 142 004c 9B78     		ldrb	r3, [r3, #2]	@ zero_extendqisi2
 143 004e 1A46     		mov	r2, r3
 144              		.loc 1 128 65
 145 0050 FB68     		ldr	r3, [r7, #12]
 146 0052 1340     		ands	r3, r3, r2
 147              		.loc 1 128 17
 148 0054 7A69     		ldr	r2, [r7, #20]
 149 0056 1343     		orrs	r3, r3, r2
 150 0058 7B61     		str	r3, [r7, #20]
 129:common/lib.stm32/STM32F10x_StdPeriph_Driver/src/misc.c ****     tmppriority = tmppriority << 0x04;
 151              		.loc 1 129 17
 152 005a 7B69     		ldr	r3, [r7, #20]
 153 005c 1B01     		lsls	r3, r3, #4
 154 005e 7B61     		str	r3, [r7, #20]
 130:common/lib.stm32/STM32F10x_StdPeriph_Driver/src/misc.c ****         
 131:common/lib.stm32/STM32F10x_StdPeriph_Driver/src/misc.c ****     NVIC->IP[NVIC_InitStruct->NVIC_IRQChannel] = tmppriority;
 155              		.loc 1 131 9
 156 0060 174A     		ldr	r2, .L8+4
 157              		.loc 1 131 29
 158 0062 7B68     		ldr	r3, [r7, #4]
 159 0064 1B78     		ldrb	r3, [r3]	@ zero_extendqisi2
 160              		.loc 1 131 48
 161 0066 7969     		ldr	r1, [r7, #20]
 162 0068 C9B2     		uxtb	r1, r1
 163 006a 1344     		add	r3, r3, r2
 164 006c 0A46     		mov	r2, r1
 165 006e 83F80023 		strb	r2, [r3, #768]
 132:common/lib.stm32/STM32F10x_StdPeriph_Driver/src/misc.c ****     
 133:common/lib.stm32/STM32F10x_StdPeriph_Driver/src/misc.c ****     /* Enable the Selected IRQ Channels --------------------------------------*/
 134:common/lib.stm32/STM32F10x_StdPeriph_Driver/src/misc.c ****     NVIC->ISER[NVIC_InitStruct->NVIC_IRQChannel >> 0x05] =
 135:common/lib.stm32/STM32F10x_StdPeriph_Driver/src/misc.c ****       (uint32_t)0x01 << (NVIC_InitStruct->NVIC_IRQChannel & (uint8_t)0x1F);
 166              		.loc 1 135 41
 167 0072 7B68     		ldr	r3, [r7, #4]
 168 0074 1B78     		ldrb	r3, [r3]	@ zero_extendqisi2
 169              		.loc 1 135 59
 170 0076 03F01F03 		and	r3, r3, #31
 134:common/lib.stm32/STM32F10x_StdPeriph_Driver/src/misc.c ****       (uint32_t)0x01 << (NVIC_InitStruct->NVIC_IRQChannel & (uint8_t)0x1F);
 171              		.loc 1 134 9
 172 007a 1149     		ldr	r1, .L8+4
 134:common/lib.stm32/STM32F10x_StdPeriph_Driver/src/misc.c ****       (uint32_t)0x01 << (NVIC_InitStruct->NVIC_IRQChannel & (uint8_t)0x1F);
 173              		.loc 1 134 31
 174 007c 7A68     		ldr	r2, [r7, #4]
 175 007e 1278     		ldrb	r2, [r2]	@ zero_extendqisi2
 134:common/lib.stm32/STM32F10x_StdPeriph_Driver/src/misc.c ****       (uint32_t)0x01 << (NVIC_InitStruct->NVIC_IRQChannel & (uint8_t)0x1F);
 176              		.loc 1 134 49
 177 0080 5209     		lsrs	r2, r2, #5
 178 0082 D2B2     		uxtb	r2, r2
 179 0084 1046     		mov	r0, r2
 180              		.loc 1 135 22
 181 0086 0122     		movs	r2, #1
 182 0088 02FA03F3 		lsl	r3, r2, r3
 134:common/lib.stm32/STM32F10x_StdPeriph_Driver/src/misc.c ****       (uint32_t)0x01 << (NVIC_InitStruct->NVIC_IRQChannel & (uint8_t)0x1F);
 183              		.loc 1 134 58
 184 008c 41F82030 		str	r3, [r1, r0, lsl #2]
 136:common/lib.stm32/STM32F10x_StdPeriph_Driver/src/misc.c ****   }
 137:common/lib.stm32/STM32F10x_StdPeriph_Driver/src/misc.c ****   else
 138:common/lib.stm32/STM32F10x_StdPeriph_Driver/src/misc.c ****   {
 139:common/lib.stm32/STM32F10x_StdPeriph_Driver/src/misc.c ****     /* Disable the Selected IRQ Channels -------------------------------------*/
 140:common/lib.stm32/STM32F10x_StdPeriph_Driver/src/misc.c ****     NVIC->ICER[NVIC_InitStruct->NVIC_IRQChannel >> 0x05] =
 141:common/lib.stm32/STM32F10x_StdPeriph_Driver/src/misc.c ****       (uint32_t)0x01 << (NVIC_InitStruct->NVIC_IRQChannel & (uint8_t)0x1F);
 142:common/lib.stm32/STM32F10x_StdPeriph_Driver/src/misc.c ****   }
 143:common/lib.stm32/STM32F10x_StdPeriph_Driver/src/misc.c **** }
 185              		.loc 1 143 1
 186 0090 0FE0     		b	.L7
 187              	.L5:
 141:common/lib.stm32/STM32F10x_StdPeriph_Driver/src/misc.c ****   }
 188              		.loc 1 141 41
 189 0092 7B68     		ldr	r3, [r7, #4]
 190 0094 1B78     		ldrb	r3, [r3]	@ zero_extendqisi2
 141:common/lib.stm32/STM32F10x_StdPeriph_Driver/src/misc.c ****   }
 191              		.loc 1 141 59
 192 0096 03F01F03 		and	r3, r3, #31
 140:common/lib.stm32/STM32F10x_StdPeriph_Driver/src/misc.c ****       (uint32_t)0x01 << (NVIC_InitStruct->NVIC_IRQChannel & (uint8_t)0x1F);
 193              		.loc 1 140 9
 194 009a 0949     		ldr	r1, .L8+4
 140:common/lib.stm32/STM32F10x_StdPeriph_Driver/src/misc.c ****       (uint32_t)0x01 << (NVIC_InitStruct->NVIC_IRQChannel & (uint8_t)0x1F);
 195              		.loc 1 140 31
 196 009c 7A68     		ldr	r2, [r7, #4]
 197 009e 1278     		ldrb	r2, [r2]	@ zero_extendqisi2
 140:common/lib.stm32/STM32F10x_StdPeriph_Driver/src/misc.c ****       (uint32_t)0x01 << (NVIC_InitStruct->NVIC_IRQChannel & (uint8_t)0x1F);
 198              		.loc 1 140 49
 199 00a0 5209     		lsrs	r2, r2, #5
 200 00a2 D2B2     		uxtb	r2, r2
 201 00a4 1046     		mov	r0, r2
 141:common/lib.stm32/STM32F10x_StdPeriph_Driver/src/misc.c ****   }
 202              		.loc 1 141 22
 203 00a6 0122     		movs	r2, #1
 204 00a8 9A40     		lsls	r2, r2, r3
 140:common/lib.stm32/STM32F10x_StdPeriph_Driver/src/misc.c ****       (uint32_t)0x01 << (NVIC_InitStruct->NVIC_IRQChannel & (uint8_t)0x1F);
 205              		.loc 1 140 58
 206 00aa 00F12003 		add	r3, r0, #32
 207 00ae 41F82320 		str	r2, [r1, r3, lsl #2]
 208              	.L7:
 209              		.loc 1 143 1
 210 00b2 00BF     		nop
 211 00b4 1C37     		adds	r7, r7, #28
 212              	.LCFI9:
 213              		.cfi_def_cfa_offset 4
 214 00b6 BD46     		mov	sp, r7
 215              	.LCFI10:
 216              		.cfi_def_cfa_register 13
 217              		@ sp needed
 218 00b8 80BC     		pop	{r7}
 219              	.LCFI11:
 220              		.cfi_restore 7
 221              		.cfi_def_cfa_offset 0
 222 00ba 7047     		bx	lr
 223              	.L9:
 224              		.align	2
 225              	.L8:
 226 00bc 00ED00E0 		.word	-536810240
 227 00c0 00E100E0 		.word	-536813312
 228              		.cfi_endproc
 229              	.LFE28:
 231              		.section	.text.NVIC_SetVectorTable,"ax",%progbits
 232              		.align	1
 233              		.global	NVIC_SetVectorTable
 234              		.syntax unified
 235              		.thumb
 236              		.thumb_func
 238              	NVIC_SetVectorTable:
 239              	.LFB29:
 144:common/lib.stm32/STM32F10x_StdPeriph_Driver/src/misc.c **** 
 145:common/lib.stm32/STM32F10x_StdPeriph_Driver/src/misc.c **** /**
 146:common/lib.stm32/STM32F10x_StdPeriph_Driver/src/misc.c ****   * @brief  Sets the vector table location and Offset.
 147:common/lib.stm32/STM32F10x_StdPeriph_Driver/src/misc.c ****   * @param  NVIC_VectTab: specifies if the vector table is in RAM or FLASH memory.
 148:common/lib.stm32/STM32F10x_StdPeriph_Driver/src/misc.c ****   *   This parameter can be one of the following values:
 149:common/lib.stm32/STM32F10x_StdPeriph_Driver/src/misc.c ****   *     @arg NVIC_VectTab_RAM
 150:common/lib.stm32/STM32F10x_StdPeriph_Driver/src/misc.c ****   *     @arg NVIC_VectTab_FLASH
 151:common/lib.stm32/STM32F10x_StdPeriph_Driver/src/misc.c ****   * @param  Offset: Vector Table base offset field. This value must be a multiple of 0x100.
 152:common/lib.stm32/STM32F10x_StdPeriph_Driver/src/misc.c ****   * @retval None
 153:common/lib.stm32/STM32F10x_StdPeriph_Driver/src/misc.c ****   */
 154:common/lib.stm32/STM32F10x_StdPeriph_Driver/src/misc.c **** void NVIC_SetVectorTable(uint32_t NVIC_VectTab, uint32_t Offset)
 155:common/lib.stm32/STM32F10x_StdPeriph_Driver/src/misc.c **** { 
 240              		.loc 1 155 1
 241              		.cfi_startproc
 242              		@ args = 0, pretend = 0, frame = 8
 243              		@ frame_needed = 1, uses_anonymous_args = 0
 244              		@ link register save eliminated.
 245 0000 80B4     		push	{r7}
 246              	.LCFI12:
 247              		.cfi_def_cfa_offset 4
 248              		.cfi_offset 7, -4
 249 0002 83B0     		sub	sp, sp, #12
 250              	.LCFI13:
 251              		.cfi_def_cfa_offset 16
 252 0004 00AF     		add	r7, sp, #0
 253              	.LCFI14:
 254              		.cfi_def_cfa_register 7
 255 0006 7860     		str	r0, [r7, #4]
 256 0008 3960     		str	r1, [r7]
 156:common/lib.stm32/STM32F10x_StdPeriph_Driver/src/misc.c ****   /* Check the parameters */
 157:common/lib.stm32/STM32F10x_StdPeriph_Driver/src/misc.c ****   assert_param(IS_NVIC_VECTTAB(NVIC_VectTab));
 158:common/lib.stm32/STM32F10x_StdPeriph_Driver/src/misc.c ****   assert_param(IS_NVIC_OFFSET(Offset));  
 159:common/lib.stm32/STM32F10x_StdPeriph_Driver/src/misc.c ****    
 160:common/lib.stm32/STM32F10x_StdPeriph_Driver/src/misc.c ****   SCB->VTOR = NVIC_VectTab | (Offset & (uint32_t)0x1FFFFF80);
 257              		.loc 1 160 38
 258 000a 3B68     		ldr	r3, [r7]
 259 000c 23F06043 		bic	r3, r3, #-536870912
 260 0010 23F07F03 		bic	r3, r3, #127
 261              		.loc 1 160 6
 262 0014 0449     		ldr	r1, .L11
 263              		.loc 1 160 28
 264 0016 7A68     		ldr	r2, [r7, #4]
 265 0018 1343     		orrs	r3, r3, r2
 266              		.loc 1 160 13
 267 001a 8B60     		str	r3, [r1, #8]
 161:common/lib.stm32/STM32F10x_StdPeriph_Driver/src/misc.c **** }
 268              		.loc 1 161 1
 269 001c 00BF     		nop
 270 001e 0C37     		adds	r7, r7, #12
 271              	.LCFI15:
 272              		.cfi_def_cfa_offset 4
 273 0020 BD46     		mov	sp, r7
 274              	.LCFI16:
 275              		.cfi_def_cfa_register 13
 276              		@ sp needed
 277 0022 80BC     		pop	{r7}
 278              	.LCFI17:
 279              		.cfi_restore 7
 280              		.cfi_def_cfa_offset 0
 281 0024 7047     		bx	lr
 282              	.L12:
 283 0026 00BF     		.align	2
 284              	.L11:
 285 0028 00ED00E0 		.word	-536810240
 286              		.cfi_endproc
 287              	.LFE29:
 289              		.section	.text.NVIC_SystemLPConfig,"ax",%progbits
 290              		.align	1
 291              		.global	NVIC_SystemLPConfig
 292              		.syntax unified
 293              		.thumb
 294              		.thumb_func
 296              	NVIC_SystemLPConfig:
 297              	.LFB30:
 162:common/lib.stm32/STM32F10x_StdPeriph_Driver/src/misc.c **** 
 163:common/lib.stm32/STM32F10x_StdPeriph_Driver/src/misc.c **** /**
 164:common/lib.stm32/STM32F10x_StdPeriph_Driver/src/misc.c ****   * @brief  Selects the condition for the system to enter low power mode.
 165:common/lib.stm32/STM32F10x_StdPeriph_Driver/src/misc.c ****   * @param  LowPowerMode: Specifies the new mode for the system to enter low power mode.
 166:common/lib.stm32/STM32F10x_StdPeriph_Driver/src/misc.c ****   *   This parameter can be one of the following values:
 167:common/lib.stm32/STM32F10x_StdPeriph_Driver/src/misc.c ****   *     @arg NVIC_LP_SEVONPEND
 168:common/lib.stm32/STM32F10x_StdPeriph_Driver/src/misc.c ****   *     @arg NVIC_LP_SLEEPDEEP
 169:common/lib.stm32/STM32F10x_StdPeriph_Driver/src/misc.c ****   *     @arg NVIC_LP_SLEEPONEXIT
 170:common/lib.stm32/STM32F10x_StdPeriph_Driver/src/misc.c ****   * @param  NewState: new state of LP condition. This parameter can be: ENABLE or DISABLE.
 171:common/lib.stm32/STM32F10x_StdPeriph_Driver/src/misc.c ****   * @retval None
 172:common/lib.stm32/STM32F10x_StdPeriph_Driver/src/misc.c ****   */
 173:common/lib.stm32/STM32F10x_StdPeriph_Driver/src/misc.c **** void NVIC_SystemLPConfig(uint8_t LowPowerMode, FunctionalState NewState)
 174:common/lib.stm32/STM32F10x_StdPeriph_Driver/src/misc.c **** {
 298              		.loc 1 174 1
 299              		.cfi_startproc
 300              		@ args = 0, pretend = 0, frame = 8
 301              		@ frame_needed = 1, uses_anonymous_args = 0
 302              		@ link register save eliminated.
 303 0000 80B4     		push	{r7}
 304              	.LCFI18:
 305              		.cfi_def_cfa_offset 4
 306              		.cfi_offset 7, -4
 307 0002 83B0     		sub	sp, sp, #12
 308              	.LCFI19:
 309              		.cfi_def_cfa_offset 16
 310 0004 00AF     		add	r7, sp, #0
 311              	.LCFI20:
 312              		.cfi_def_cfa_register 7
 313 0006 0346     		mov	r3, r0
 314 0008 0A46     		mov	r2, r1
 315 000a FB71     		strb	r3, [r7, #7]
 316 000c 1346     		mov	r3, r2
 317 000e BB71     		strb	r3, [r7, #6]
 175:common/lib.stm32/STM32F10x_StdPeriph_Driver/src/misc.c ****   /* Check the parameters */
 176:common/lib.stm32/STM32F10x_StdPeriph_Driver/src/misc.c ****   assert_param(IS_NVIC_LP(LowPowerMode));
 177:common/lib.stm32/STM32F10x_StdPeriph_Driver/src/misc.c ****   assert_param(IS_FUNCTIONAL_STATE(NewState));  
 178:common/lib.stm32/STM32F10x_StdPeriph_Driver/src/misc.c ****   
 179:common/lib.stm32/STM32F10x_StdPeriph_Driver/src/misc.c ****   if (NewState != DISABLE)
 318              		.loc 1 179 6
 319 0010 BB79     		ldrb	r3, [r7, #6]	@ zero_extendqisi2
 320 0012 002B     		cmp	r3, #0
 321 0014 06D0     		beq	.L14
 180:common/lib.stm32/STM32F10x_StdPeriph_Driver/src/misc.c ****   {
 181:common/lib.stm32/STM32F10x_StdPeriph_Driver/src/misc.c ****     SCB->SCR |= LowPowerMode;
 322              		.loc 1 181 14
 323 0016 094B     		ldr	r3, .L17
 324 0018 1A69     		ldr	r2, [r3, #16]
 325 001a FB79     		ldrb	r3, [r7, #7]	@ zero_extendqisi2
 326 001c 0749     		ldr	r1, .L17
 327 001e 1343     		orrs	r3, r3, r2
 328 0020 0B61     		str	r3, [r1, #16]
 182:common/lib.stm32/STM32F10x_StdPeriph_Driver/src/misc.c ****   }
 183:common/lib.stm32/STM32F10x_StdPeriph_Driver/src/misc.c ****   else
 184:common/lib.stm32/STM32F10x_StdPeriph_Driver/src/misc.c ****   {
 185:common/lib.stm32/STM32F10x_StdPeriph_Driver/src/misc.c ****     SCB->SCR &= (uint32_t)(~(uint32_t)LowPowerMode);
 186:common/lib.stm32/STM32F10x_StdPeriph_Driver/src/misc.c ****   }
 187:common/lib.stm32/STM32F10x_StdPeriph_Driver/src/misc.c **** }
 329              		.loc 1 187 1
 330 0022 06E0     		b	.L16
 331              	.L14:
 185:common/lib.stm32/STM32F10x_StdPeriph_Driver/src/misc.c ****   }
 332              		.loc 1 185 14
 333 0024 054B     		ldr	r3, .L17
 334 0026 1A69     		ldr	r2, [r3, #16]
 185:common/lib.stm32/STM32F10x_StdPeriph_Driver/src/misc.c ****   }
 335              		.loc 1 185 29
 336 0028 FB79     		ldrb	r3, [r7, #7]	@ zero_extendqisi2
 185:common/lib.stm32/STM32F10x_StdPeriph_Driver/src/misc.c ****   }
 337              		.loc 1 185 17
 338 002a DB43     		mvns	r3, r3
 185:common/lib.stm32/STM32F10x_StdPeriph_Driver/src/misc.c ****   }
 339              		.loc 1 185 14
 340 002c 0349     		ldr	r1, .L17
 341 002e 1340     		ands	r3, r3, r2
 342 0030 0B61     		str	r3, [r1, #16]
 343              	.L16:
 344              		.loc 1 187 1
 345 0032 00BF     		nop
 346 0034 0C37     		adds	r7, r7, #12
 347              	.LCFI21:
 348              		.cfi_def_cfa_offset 4
 349 0036 BD46     		mov	sp, r7
 350              	.LCFI22:
 351              		.cfi_def_cfa_register 13
 352              		@ sp needed
 353 0038 80BC     		pop	{r7}
 354              	.LCFI23:
 355              		.cfi_restore 7
 356              		.cfi_def_cfa_offset 0
 357 003a 7047     		bx	lr
 358              	.L18:
 359              		.align	2
 360              	.L17:
 361 003c 00ED00E0 		.word	-536810240
 362              		.cfi_endproc
 363              	.LFE30:
 365              		.section	.text.SysTick_CLKSourceConfig,"ax",%progbits
 366              		.align	1
 367              		.global	SysTick_CLKSourceConfig
 368              		.syntax unified
 369              		.thumb
 370              		.thumb_func
 372              	SysTick_CLKSourceConfig:
 373              	.LFB31:
 188:common/lib.stm32/STM32F10x_StdPeriph_Driver/src/misc.c **** 
 189:common/lib.stm32/STM32F10x_StdPeriph_Driver/src/misc.c **** /**
 190:common/lib.stm32/STM32F10x_StdPeriph_Driver/src/misc.c ****   * @brief  Configures the SysTick clock source.
 191:common/lib.stm32/STM32F10x_StdPeriph_Driver/src/misc.c ****   * @param  SysTick_CLKSource: specifies the SysTick clock source.
 192:common/lib.stm32/STM32F10x_StdPeriph_Driver/src/misc.c ****   *   This parameter can be one of the following values:
 193:common/lib.stm32/STM32F10x_StdPeriph_Driver/src/misc.c ****   *     @arg SysTick_CLKSource_HCLK_Div8: AHB clock divided by 8 selected as SysTick clock source.
 194:common/lib.stm32/STM32F10x_StdPeriph_Driver/src/misc.c ****   *     @arg SysTick_CLKSource_HCLK: AHB clock selected as SysTick clock source.
 195:common/lib.stm32/STM32F10x_StdPeriph_Driver/src/misc.c ****   * @retval None
 196:common/lib.stm32/STM32F10x_StdPeriph_Driver/src/misc.c ****   */
 197:common/lib.stm32/STM32F10x_StdPeriph_Driver/src/misc.c **** void SysTick_CLKSourceConfig(uint32_t SysTick_CLKSource)
 198:common/lib.stm32/STM32F10x_StdPeriph_Driver/src/misc.c **** {
 374              		.loc 1 198 1
 375              		.cfi_startproc
 376              		@ args = 0, pretend = 0, frame = 8
 377              		@ frame_needed = 1, uses_anonymous_args = 0
 378              		@ link register save eliminated.
 379 0000 80B4     		push	{r7}
 380              	.LCFI24:
 381              		.cfi_def_cfa_offset 4
 382              		.cfi_offset 7, -4
 383 0002 83B0     		sub	sp, sp, #12
 384              	.LCFI25:
 385              		.cfi_def_cfa_offset 16
 386 0004 00AF     		add	r7, sp, #0
 387              	.LCFI26:
 388              		.cfi_def_cfa_register 7
 389 0006 7860     		str	r0, [r7, #4]
 199:common/lib.stm32/STM32F10x_StdPeriph_Driver/src/misc.c ****   /* Check the parameters */
 200:common/lib.stm32/STM32F10x_StdPeriph_Driver/src/misc.c ****   assert_param(IS_SYSTICK_CLK_SOURCE(SysTick_CLKSource));
 201:common/lib.stm32/STM32F10x_StdPeriph_Driver/src/misc.c ****   if (SysTick_CLKSource == SysTick_CLKSource_HCLK)
 390              		.loc 1 201 6
 391 0008 7B68     		ldr	r3, [r7, #4]
 392 000a 042B     		cmp	r3, #4
 393 000c 06D1     		bne	.L20
 202:common/lib.stm32/STM32F10x_StdPeriph_Driver/src/misc.c ****   {
 203:common/lib.stm32/STM32F10x_StdPeriph_Driver/src/misc.c ****     SysTick->CTRL |= SysTick_CLKSource_HCLK;
 394              		.loc 1 203 19
 395 000e 094B     		ldr	r3, .L23
 396 0010 1B68     		ldr	r3, [r3]
 397 0012 084A     		ldr	r2, .L23
 398 0014 43F00403 		orr	r3, r3, #4
 399 0018 1360     		str	r3, [r2]
 204:common/lib.stm32/STM32F10x_StdPeriph_Driver/src/misc.c ****   }
 205:common/lib.stm32/STM32F10x_StdPeriph_Driver/src/misc.c ****   else
 206:common/lib.stm32/STM32F10x_StdPeriph_Driver/src/misc.c ****   {
 207:common/lib.stm32/STM32F10x_StdPeriph_Driver/src/misc.c ****     SysTick->CTRL &= SysTick_CLKSource_HCLK_Div8;
 208:common/lib.stm32/STM32F10x_StdPeriph_Driver/src/misc.c ****   }
 209:common/lib.stm32/STM32F10x_StdPeriph_Driver/src/misc.c **** }
 400              		.loc 1 209 1
 401 001a 05E0     		b	.L22
 402              	.L20:
 207:common/lib.stm32/STM32F10x_StdPeriph_Driver/src/misc.c ****   }
 403              		.loc 1 207 19
 404 001c 054B     		ldr	r3, .L23
 405 001e 1B68     		ldr	r3, [r3]
 406 0020 044A     		ldr	r2, .L23
 407 0022 23F00403 		bic	r3, r3, #4
 408 0026 1360     		str	r3, [r2]
 409              	.L22:
 410              		.loc 1 209 1
 411 0028 00BF     		nop
 412 002a 0C37     		adds	r7, r7, #12
 413              	.LCFI27:
 414              		.cfi_def_cfa_offset 4
 415 002c BD46     		mov	sp, r7
 416              	.LCFI28:
 417              		.cfi_def_cfa_register 13
 418              		@ sp needed
 419 002e 80BC     		pop	{r7}
 420              	.LCFI29:
 421              		.cfi_restore 7
 422              		.cfi_def_cfa_offset 0
 423 0030 7047     		bx	lr
 424              	.L24:
 425 0032 00BF     		.align	2
 426              	.L23:
 427 0034 10E000E0 		.word	-536813552
 428              		.cfi_endproc
 429              	.LFE31:
 431              		.text
 432              	.Letext0:
 433              		.file 2 "c:\\program files (x86)\\gnu arm embedded toolchain\\10 2021.10\\arm-none-eabi\\include\\
 434              		.file 3 "c:\\program files (x86)\\gnu arm embedded toolchain\\10 2021.10\\arm-none-eabi\\include\\
 435              		.file 4 "common/lib.stm32/CMSIS/Core/CM3/core_cm3.h"
 436              		.file 5 "common/lib.stm32/CMSIS/Core/CM3/stm32f10x.h"
 437              		.file 6 "common/lib.stm32/STM32F10x_StdPeriph_Driver/inc/misc.h"
DEFINED SYMBOLS
                            *ABS*:00000000 misc.c
C:\Users\Admin\AppData\Local\Temp\ccQrVGQi.s:18     .text.NVIC_PriorityGroupConfig:00000000 $t
C:\Users\Admin\AppData\Local\Temp\ccQrVGQi.s:24     .text.NVIC_PriorityGroupConfig:00000000 NVIC_PriorityGroupConfig
C:\Users\Admin\AppData\Local\Temp\ccQrVGQi.s:68     .text.NVIC_PriorityGroupConfig:00000020 $d
C:\Users\Admin\AppData\Local\Temp\ccQrVGQi.s:73     .text.NVIC_Init:00000000 $t
C:\Users\Admin\AppData\Local\Temp\ccQrVGQi.s:79     .text.NVIC_Init:00000000 NVIC_Init
C:\Users\Admin\AppData\Local\Temp\ccQrVGQi.s:226    .text.NVIC_Init:000000bc $d
C:\Users\Admin\AppData\Local\Temp\ccQrVGQi.s:232    .text.NVIC_SetVectorTable:00000000 $t
C:\Users\Admin\AppData\Local\Temp\ccQrVGQi.s:238    .text.NVIC_SetVectorTable:00000000 NVIC_SetVectorTable
C:\Users\Admin\AppData\Local\Temp\ccQrVGQi.s:285    .text.NVIC_SetVectorTable:00000028 $d
C:\Users\Admin\AppData\Local\Temp\ccQrVGQi.s:290    .text.NVIC_SystemLPConfig:00000000 $t
C:\Users\Admin\AppData\Local\Temp\ccQrVGQi.s:296    .text.NVIC_SystemLPConfig:00000000 NVIC_SystemLPConfig
C:\Users\Admin\AppData\Local\Temp\ccQrVGQi.s:361    .text.NVIC_SystemLPConfig:0000003c $d
C:\Users\Admin\AppData\Local\Temp\ccQrVGQi.s:366    .text.SysTick_CLKSourceConfig:00000000 $t
C:\Users\Admin\AppData\Local\Temp\ccQrVGQi.s:372    .text.SysTick_CLKSourceConfig:00000000 SysTick_CLKSourceConfig
C:\Users\Admin\AppData\Local\Temp\ccQrVGQi.s:427    .text.SysTick_CLKSourceConfig:00000034 $d

NO UNDEFINED SYMBOLS
